<?xml version="1.0" ?>
<coverage branch-rate="0" branches-covered="0" branches-valid="0" complexity="0" line-rate="0.3016" lines-covered="136" lines-valid="451" timestamp="1563579230878" version="4.5.1">
	<!-- Generated by coverage.py: https://coverage.readthedocs.io -->
	<!-- Based on https://raw.githubusercontent.com/cobertura/web/master/htdocs/xml/coverage-04.dtd -->
	<sources>
		<source>/Users/jpbourget/repos</source>
	</sources>
	<packages>
		<package branch-rate="0" complexity="0" line-rate="0.2518" name="irflow-sdk-python.irflow_client">
			<classes>
				<class branch-rate="0" complexity="0" filename="irflow-sdk-python/irflow_client/__init__.py" line-rate="0.5" name="__init__.py">
					<methods/>
					<lines>
						<line hits="1" number="4"/>
						<line hits="1" number="5"/>
						<line hits="0" number="6"/>
						<line hits="0" number="7"/>
					</lines>
				</class>
				<class branch-rate="0" complexity="0" filename="irflow-sdk-python/irflow_client/__version__.py" line-rate="1" name="__version__.py">
					<methods/>
					<lines>
						<line hits="1" number="3"/>
						<line hits="1" number="4"/>
						<line hits="1" number="5"/>
						<line hits="1" number="6"/>
						<line hits="1" number="7"/>
						<line hits="1" number="8"/>
						<line hits="1" number="9"/>
						<line hits="1" number="10"/>
						<line hits="1" number="11"/>
						<line hits="1" number="12"/>
					</lines>
				</class>
				<class branch-rate="0" complexity="0" filename="irflow-sdk-python/irflow_client/irflow_client.py" line-rate="0.231" name="irflow_client.py">
					<methods/>
					<lines>
						<line hits="1" number="4"/>
						<line hits="1" number="5"/>
						<line hits="1" number="6"/>
						<line hits="1" number="7"/>
						<line hits="1" number="8"/>
						<line hits="1" number="9"/>
						<line hits="1" number="10"/>
						<line hits="1" number="11"/>
						<line hits="1" number="13"/>
						<line hits="1" number="14"/>
						<line hits="0" number="15"/>
						<line hits="0" number="17"/>
						<line hits="1" number="20"/>
						<line hits="1" number="22"/>
						<line hits="1" number="25"/>
						<line hits="1" number="27"/>
						<line hits="1" number="30"/>
						<line hits="1" number="32"/>
						<line hits="1" number="35"/>
						<line hits="1" number="39"/>
						<line hits="1" number="64"/>
						<line hits="1" number="73"/>
						<line hits="1" number="74"/>
						<line hits="1" number="75"/>
						<line hits="1" number="77"/>
						<line hits="0" number="78"/>
						<line hits="1" number="81"/>
						<line hits="0" number="82"/>
						<line hits="1" number="86"/>
						<line hits="1" number="87"/>
						<line hits="0" number="90"/>
						<line hits="0" number="91"/>
						<line hits="1" number="94"/>
						<line hits="1" number="97"/>
						<line hits="1" number="99"/>
						<line hits="1" number="103"/>
						<line hits="1" number="105"/>
						<line hits="1" number="106"/>
						<line hits="1" number="108"/>
						<line hits="1" number="111"/>
						<line hits="1" number="125"/>
						<line hits="0" number="135"/>
						<line hits="0" number="138"/>
						<line hits="0" number="139"/>
						<line hits="0" number="140"/>
						<line hits="0" number="141"/>
						<line hits="0" number="142"/>
						<line hits="0" number="143"/>
						<line hits="0" number="145"/>
						<line hits="1" number="147"/>
						<line hits="0" number="155"/>
						<line hits="1" number="159"/>
						<line hits="1" number="166"/>
						<line hits="1" number="167"/>
						<line hits="1" number="169"/>
						<line hits="1" number="171"/>
						<line hits="0" number="172"/>
						<line hits="1" number="174"/>
						<line hits="1" number="176"/>
						<line hits="0" number="186"/>
						<line hits="0" number="187"/>
						<line hits="0" number="188"/>
						<line hits="0" number="190"/>
						<line hits="0" number="191"/>
						<line hits="0" number="193"/>
						<line hits="0" number="195"/>
						<line hits="0" number="196"/>
						<line hits="0" number="198"/>
						<line hits="1" number="200"/>
						<line hits="0" number="212"/>
						<line hits="0" number="213"/>
						<line hits="0" number="214"/>
						<line hits="0" number="216"/>
						<line hits="0" number="217"/>
						<line hits="0" number="219"/>
						<line hits="0" number="221"/>
						<line hits="0" number="222"/>
						<line hits="0" number="224"/>
						<line hits="1" number="226"/>
						<line hits="0" number="237"/>
						<line hits="0" number="238"/>
						<line hits="0" number="239"/>
						<line hits="0" number="240"/>
						<line hits="0" number="242"/>
						<line hits="0" number="243"/>
						<line hits="0" number="245"/>
						<line hits="0" number="247"/>
						<line hits="0" number="248"/>
						<line hits="0" number="250"/>
						<line hits="1" number="252"/>
						<line hits="0" number="262"/>
						<line hits="0" number="263"/>
						<line hits="0" number="264"/>
						<line hits="0" number="265"/>
						<line hits="0" number="267"/>
						<line hits="0" number="268"/>
						<line hits="0" number="270"/>
						<line hits="0" number="272"/>
						<line hits="0" number="273"/>
						<line hits="0" number="275"/>
						<line hits="1" number="277"/>
						<line hits="0" number="287"/>
						<line hits="0" number="288"/>
						<line hits="0" number="289"/>
						<line hits="0" number="290"/>
						<line hits="0" number="292"/>
						<line hits="0" number="293"/>
						<line hits="0" number="295"/>
						<line hits="0" number="297"/>
						<line hits="0" number="298"/>
						<line hits="0" number="300"/>
						<line hits="1" number="302"/>
						<line hits="0" number="311"/>
						<line hits="0" number="312"/>
						<line hits="0" number="314"/>
						<line hits="0" number="315"/>
						<line hits="0" number="317"/>
						<line hits="0" number="318"/>
						<line hits="0" number="319"/>
						<line hits="0" number="320"/>
						<line hits="0" number="322"/>
						<line hits="0" number="323"/>
						<line hits="0" number="325"/>
						<line hits="1" number="327"/>
						<line hits="0" number="336"/>
						<line hits="0" number="337"/>
						<line hits="0" number="339"/>
						<line hits="0" number="340"/>
						<line hits="0" number="343"/>
						<line hits="0" number="345"/>
						<line hits="0" number="347"/>
						<line hits="0" number="348"/>
						<line hits="0" number="351"/>
						<line hits="0" number="352"/>
						<line hits="0" number="353"/>
						<line hits="0" number="355"/>
						<line hits="1" number="357"/>
						<line hits="0" number="367"/>
						<line hits="0" number="368"/>
						<line hits="0" number="372"/>
						<line hits="0" number="373"/>
						<line hits="0" number="374"/>
						<line hits="0" number="376"/>
						<line hits="0" number="378"/>
						<line hits="0" number="379"/>
						<line hits="0" number="381"/>
						<line hits="1" number="383"/>
						<line hits="0" number="392"/>
						<line hits="0" number="393"/>
						<line hits="0" number="397"/>
						<line hits="0" number="398"/>
						<line hits="0" number="400"/>
						<line hits="0" number="402"/>
						<line hits="0" number="403"/>
						<line hits="0" number="405"/>
						<line hits="1" number="407"/>
						<line hits="0" number="416"/>
						<line hits="0" number="417"/>
						<line hits="0" number="421"/>
						<line hits="0" number="422"/>
						<line hits="0" number="424"/>
						<line hits="0" number="426"/>
						<line hits="0" number="427"/>
						<line hits="0" number="429"/>
						<line hits="1" number="431"/>
						<line hits="0" number="446"/>
						<line hits="0" number="447"/>
						<line hits="0" number="451"/>
						<line hits="0" number="456"/>
						<line hits="0" number="457"/>
						<line hits="0" number="458"/>
						<line hits="0" number="459"/>
						<line hits="0" number="461"/>
						<line hits="0" number="462"/>
						<line hits="0" number="464"/>
						<line hits="0" number="465"/>
						<line hits="0" number="466"/>
						<line hits="0" number="468"/>
						<line hits="1" number="470"/>
						<line hits="0" number="481"/>
						<line hits="0" number="482"/>
						<line hits="0" number="486"/>
						<line hits="0" number="491"/>
						<line hits="0" number="492"/>
						<line hits="0" number="493"/>
						<line hits="0" number="494"/>
						<line hits="0" number="496"/>
						<line hits="0" number="497"/>
						<line hits="0" number="499"/>
						<line hits="0" number="501"/>
						<line hits="0" number="502"/>
						<line hits="0" number="504"/>
						<line hits="1" number="506"/>
						<line hits="0" number="515"/>
						<line hits="0" number="516"/>
						<line hits="0" number="517"/>
						<line hits="0" number="521"/>
						<line hits="0" number="522"/>
						<line hits="0" number="524"/>
						<line hits="0" number="526"/>
						<line hits="0" number="527"/>
						<line hits="0" number="529"/>
						<line hits="1" number="531"/>
						<line hits="0" number="547"/>
						<line hits="0" number="548"/>
						<line hits="0" number="549"/>
						<line hits="0" number="555"/>
						<line hits="0" number="560"/>
						<line hits="0" number="561"/>
						<line hits="0" number="562"/>
						<line hits="0" number="563"/>
						<line hits="0" number="565"/>
						<line hits="0" number="566"/>
						<line hits="0" number="568"/>
						<line hits="0" number="570"/>
						<line hits="0" number="571"/>
						<line hits="0" number="573"/>
						<line hits="1" number="575"/>
						<line hits="0" number="585"/>
						<line hits="0" number="586"/>
						<line hits="0" number="587"/>
						<line hits="0" number="589"/>
						<line hits="0" number="590"/>
						<line hits="0" number="592"/>
						<line hits="0" number="594"/>
						<line hits="0" number="595"/>
						<line hits="0" number="597"/>
						<line hits="1" number="599"/>
						<line hits="0" number="609"/>
						<line hits="0" number="610"/>
						<line hits="0" number="614"/>
						<line hits="0" number="618"/>
						<line hits="0" number="619"/>
						<line hits="0" number="621"/>
						<line hits="0" number="623"/>
						<line hits="0" number="624"/>
						<line hits="0" number="626"/>
						<line hits="1" number="628"/>
						<line hits="0" number="637"/>
						<line hits="0" number="638"/>
						<line hits="0" number="639"/>
						<line hits="0" number="643"/>
						<line hits="0" number="644"/>
						<line hits="0" number="646"/>
						<line hits="0" number="648"/>
						<line hits="0" number="649"/>
						<line hits="0" number="651"/>
						<line hits="1" number="653"/>
						<line hits="0" number="665"/>
						<line hits="0" number="666"/>
						<line hits="0" number="667"/>
						<line hits="0" number="671"/>
						<line hits="0" number="676"/>
						<line hits="0" number="677"/>
						<line hits="0" number="679"/>
						<line hits="0" number="680"/>
						<line hits="0" number="682"/>
						<line hits="0" number="684"/>
						<line hits="0" number="685"/>
						<line hits="0" number="687"/>
						<line hits="1" number="689"/>
						<line hits="0" number="700"/>
						<line hits="0" number="701"/>
						<line hits="0" number="706"/>
						<line hits="0" number="710"/>
						<line hits="0" number="711"/>
						<line hits="0" number="713"/>
						<line hits="0" number="715"/>
						<line hits="0" number="716"/>
						<line hits="0" number="718"/>
						<line hits="1" number="720"/>
						<line hits="0" number="732"/>
						<line hits="0" number="733"/>
						<line hits="0" number="738"/>
						<line hits="0" number="743"/>
						<line hits="0" number="744"/>
						<line hits="0" number="746"/>
						<line hits="0" number="747"/>
						<line hits="0" number="749"/>
						<line hits="0" number="751"/>
						<line hits="0" number="752"/>
						<line hits="0" number="754"/>
						<line hits="1" number="756"/>
						<line hits="0" number="765"/>
						<line hits="0" number="766"/>
						<line hits="0" number="767"/>
						<line hits="0" number="771"/>
						<line hits="0" number="772"/>
						<line hits="0" number="774"/>
						<line hits="0" number="776"/>
						<line hits="0" number="777"/>
						<line hits="0" number="779"/>
						<line hits="1" number="781"/>
						<line hits="0" number="790"/>
						<line hits="0" number="791"/>
						<line hits="0" number="792"/>
						<line hits="0" number="796"/>
						<line hits="0" number="797"/>
						<line hits="0" number="799"/>
						<line hits="0" number="801"/>
						<line hits="0" number="802"/>
						<line hits="0" number="804"/>
						<line hits="1" number="806"/>
						<line hits="0" number="815"/>
						<line hits="0" number="816"/>
						<line hits="0" number="817"/>
						<line hits="0" number="821"/>
						<line hits="0" number="822"/>
						<line hits="0" number="824"/>
						<line hits="0" number="826"/>
						<line hits="0" number="827"/>
						<line hits="0" number="829"/>
						<line hits="1" number="831"/>
						<line hits="0" number="844"/>
						<line hits="0" number="845"/>
						<line hits="0" number="846"/>
						<line hits="0" number="847"/>
						<line hits="0" number="848"/>
						<line hits="0" number="849"/>
						<line hits="0" number="851"/>
						<line hits="0" number="852"/>
						<line hits="0" number="857"/>
						<line hits="0" number="864"/>
						<line hits="0" number="865"/>
						<line hits="0" number="867"/>
						<line hits="0" number="869"/>
						<line hits="0" number="870"/>
						<line hits="0" number="872"/>
						<line hits="1" number="874"/>
						<line hits="0" number="890"/>
						<line hits="0" number="891"/>
						<line hits="0" number="895"/>
						<line hits="0" number="902"/>
						<line hits="0" number="903"/>
						<line hits="0" number="905"/>
						<line hits="0" number="907"/>
						<line hits="0" number="908"/>
						<line hits="0" number="910"/>
						<line hits="1" number="913"/>
						<line hits="0" number="924"/>
						<line hits="0" number="925"/>
						<line hits="0" number="926"/>
						<line hits="0" number="927"/>
						<line hits="1" number="929"/>
						<line hits="1" number="937"/>
						<line hits="1" number="939"/>
						<line hits="1" number="956"/>
						<line hits="1" number="957"/>
						<line hits="0" number="958"/>
						<line hits="0" number="959"/>
						<line hits="0" number="961"/>
						<line hits="1" number="963"/>
						<line hits="1" number="964"/>
						<line hits="1" number="965"/>
						<line hits="1" number="966"/>
						<line hits="1" number="968"/>
						<line hits="1" number="970"/>
						<line hits="1" number="971"/>
						<line hits="1" number="972"/>
						<line hits="1" number="973"/>
						<line hits="1" number="975"/>
						<line hits="1" number="977"/>
						<line hits="1" number="978"/>
						<line hits="0" number="980"/>
						<line hits="1" number="981"/>
						<line hits="1" number="982"/>
						<line hits="0" number="984"/>
						<line hits="1" number="985"/>
						<line hits="1" number="986"/>
						<line hits="0" number="987"/>
						<line hits="1" number="988"/>
						<line hits="1" number="989"/>
						<line hits="1" number="992"/>
						<line hits="1" number="993"/>
						<line hits="1" number="995"/>
						<line hits="0" number="1001"/>
						<line hits="0" number="1003"/>
						<line hits="0" number="1006"/>
						<line hits="0" number="1007"/>
						<line hits="0" number="1008"/>
						<line hits="0" number="1011"/>
						<line hits="0" number="1013"/>
						<line hits="0" number="1014"/>
						<line hits="0" number="1018"/>
						<line hits="0" number="1019"/>
						<line hits="0" number="1020"/>
						<line hits="0" number="1024"/>
						<line hits="0" number="1025"/>
						<line hits="0" number="1026"/>
						<line hits="0" number="1030"/>
						<line hits="0" number="1036"/>
						<line hits="0" number="1037"/>
						<line hits="0" number="1038"/>
						<line hits="0" number="1041"/>
						<line hits="0" number="1042"/>
						<line hits="0" number="1043"/>
						<line hits="0" number="1044"/>
						<line hits="0" number="1045"/>
						<line hits="0" number="1047"/>
						<line hits="0" number="1048"/>
						<line hits="0" number="1049"/>
						<line hits="0" number="1051"/>
						<line hits="0" number="1052"/>
						<line hits="0" number="1053"/>
						<line hits="0" number="1055"/>
						<line hits="0" number="1058"/>
						<line hits="0" number="1059"/>
					</lines>
				</class>
			</classes>
		</package>
		<package branch-rate="0" complexity="0" line-rate="1" name="irflow-sdk-python.tests">
			<classes>
				<class branch-rate="0" complexity="0" filename="irflow-sdk-python/tests/__init__.py" line-rate="1" name="__init__.py">
					<methods/>
					<lines/>
				</class>
				<class branch-rate="0" complexity="0" filename="irflow-sdk-python/tests/test_data.py" line-rate="1" name="test_data.py">
					<methods/>
					<lines>
						<line hits="1" number="5"/>
						<line hits="1" number="13"/>
						<line hits="1" number="32"/>
						<line hits="1" number="84"/>
					</lines>
				</class>
				<class branch-rate="0" complexity="0" filename="irflow-sdk-python/tests/test_irfc.py" line-rate="1" name="test_irfc.py">
					<methods/>
					<lines>
						<line hits="1" number="6"/>
						<line hits="1" number="7"/>
						<line hits="1" number="9"/>
						<line hits="1" number="11"/>
						<line hits="1" number="13"/>
						<line hits="1" number="14"/>
						<line hits="1" number="15"/>
						<line hits="1" number="16"/>
						<line hits="1" number="19"/>
						<line hits="1" number="22"/>
						<line hits="1" number="25"/>
						<line hits="1" number="28"/>
						<line hits="1" number="31"/>
						<line hits="1" number="33"/>
						<line hits="1" number="34"/>
						<line hits="1" number="35"/>
						<line hits="1" number="36"/>
						<line hits="1" number="39"/>
						<line hits="1" number="42"/>
						<line hits="1" number="43"/>
						<line hits="1" number="44"/>
						<line hits="1" number="45"/>
						<line hits="1" number="48"/>
						<line hits="1" number="55"/>
						<line hits="1" number="56"/>
						<line hits="1" number="61"/>
					</lines>
				</class>
			</classes>
		</package>
	</packages>
</coverage>
