<?xml version="1.0" ?>
<coverage branch-rate="0" branches-covered="0" branches-valid="0" complexity="0" line-rate="0.2979" lines-covered="126" lines-valid="423" timestamp="1516910537292" version="4.4.2">
	<!-- Generated by coverage.py: https://coverage.readthedocs.io -->
	<!-- Based on https://raw.githubusercontent.com/cobertura/web/master/htdocs/xml/coverage-04.dtd -->
	<sources>
		<source>/Users/punkrokk/repos/irflow-sdk-python</source>
	</sources>
	<packages>
		<package branch-rate="0" complexity="0" line-rate="0" name=".">
			<classes>
				<class branch-rate="0" complexity="0" filename="setup.py" line-rate="0" name="setup.py">
					<methods/>
					<lines>
						<line hits="0" number="3"/>
						<line hits="0" number="4"/>
						<line hits="0" number="5"/>
						<line hits="0" number="7"/>
						<line hits="0" number="8"/>
						<line hits="0" number="10"/>
						<line hits="0" number="11"/>
						<line hits="0" number="14"/>
						<line hits="0" number="16"/>
						<line hits="0" number="18"/>
						<line hits="0" number="19"/>
						<line hits="0" number="21"/>
					</lines>
				</class>
			</classes>
		</package>
		<package branch-rate="0" complexity="0" line-rate="0.3066" name="irflow_client">
			<classes>
				<class branch-rate="0" complexity="0" filename="irflow_client/__init__.py" line-rate="0.5" name="__init__.py">
					<methods/>
					<lines>
						<line hits="1" number="4"/>
						<line hits="1" number="5"/>
						<line hits="0" number="6"/>
						<line hits="0" number="7"/>
					</lines>
				</class>
				<class branch-rate="0" complexity="0" filename="irflow_client/__version__.py" line-rate="1" name="__version__.py">
					<methods/>
					<lines>
						<line hits="1" number="3"/>
						<line hits="1" number="4"/>
						<line hits="1" number="5"/>
						<line hits="1" number="6"/>
						<line hits="1" number="7"/>
						<line hits="1" number="8"/>
						<line hits="1" number="9"/>
						<line hits="1" number="10"/>
						<line hits="1" number="11"/>
						<line hits="1" number="12"/>
					</lines>
				</class>
				<class branch-rate="0" complexity="0" filename="irflow_client/irflow_client.py" line-rate="0.2872" name="irflow_client.py">
					<methods/>
					<lines>
						<line hits="1" number="4"/>
						<line hits="1" number="5"/>
						<line hits="1" number="6"/>
						<line hits="1" number="7"/>
						<line hits="1" number="8"/>
						<line hits="1" number="9"/>
						<line hits="1" number="10"/>
						<line hits="1" number="12"/>
						<line hits="1" number="13"/>
						<line hits="0" number="14"/>
						<line hits="0" number="16"/>
						<line hits="1" number="19"/>
						<line hits="1" number="21"/>
						<line hits="1" number="24"/>
						<line hits="1" number="28"/>
						<line hits="1" number="53"/>
						<line hits="1" number="63"/>
						<line hits="1" number="64"/>
						<line hits="1" number="66"/>
						<line hits="0" number="67"/>
						<line hits="1" number="70"/>
						<line hits="0" number="71"/>
						<line hits="1" number="75"/>
						<line hits="1" number="76"/>
						<line hits="0" number="79"/>
						<line hits="0" number="80"/>
						<line hits="1" number="83"/>
						<line hits="1" number="86"/>
						<line hits="1" number="88"/>
						<line hits="1" number="92"/>
						<line hits="1" number="94"/>
						<line hits="1" number="97"/>
						<line hits="1" number="111"/>
						<line hits="1" number="121"/>
						<line hits="1" number="124"/>
						<line hits="1" number="125"/>
						<line hits="1" number="126"/>
						<line hits="0" number="127"/>
						<line hits="1" number="128"/>
						<line hits="1" number="129"/>
						<line hits="1" number="131"/>
						<line hits="1" number="133"/>
						<line hits="1" number="141"/>
						<line hits="1" number="145"/>
						<line hits="1" number="152"/>
						<line hits="1" number="153"/>
						<line hits="1" number="155"/>
						<line hits="1" number="156"/>
						<line hits="1" number="158"/>
						<line hits="0" number="168"/>
						<line hits="0" number="169"/>
						<line hits="0" number="170"/>
						<line hits="0" number="172"/>
						<line hits="0" number="173"/>
						<line hits="0" number="175"/>
						<line hits="0" number="177"/>
						<line hits="0" number="178"/>
						<line hits="0" number="180"/>
						<line hits="1" number="182"/>
						<line hits="0" number="194"/>
						<line hits="0" number="195"/>
						<line hits="0" number="196"/>
						<line hits="0" number="198"/>
						<line hits="0" number="199"/>
						<line hits="0" number="201"/>
						<line hits="0" number="203"/>
						<line hits="0" number="204"/>
						<line hits="0" number="206"/>
						<line hits="1" number="208"/>
						<line hits="0" number="219"/>
						<line hits="0" number="220"/>
						<line hits="0" number="221"/>
						<line hits="0" number="222"/>
						<line hits="0" number="224"/>
						<line hits="0" number="225"/>
						<line hits="0" number="227"/>
						<line hits="0" number="229"/>
						<line hits="0" number="230"/>
						<line hits="0" number="232"/>
						<line hits="1" number="234"/>
						<line hits="0" number="244"/>
						<line hits="0" number="245"/>
						<line hits="0" number="246"/>
						<line hits="0" number="247"/>
						<line hits="0" number="249"/>
						<line hits="0" number="250"/>
						<line hits="0" number="252"/>
						<line hits="0" number="254"/>
						<line hits="0" number="255"/>
						<line hits="0" number="257"/>
						<line hits="1" number="259"/>
						<line hits="0" number="269"/>
						<line hits="0" number="270"/>
						<line hits="0" number="271"/>
						<line hits="0" number="272"/>
						<line hits="0" number="274"/>
						<line hits="0" number="275"/>
						<line hits="0" number="277"/>
						<line hits="0" number="279"/>
						<line hits="0" number="280"/>
						<line hits="0" number="282"/>
						<line hits="1" number="284"/>
						<line hits="0" number="293"/>
						<line hits="0" number="294"/>
						<line hits="0" number="296"/>
						<line hits="0" number="297"/>
						<line hits="0" number="299"/>
						<line hits="0" number="300"/>
						<line hits="0" number="301"/>
						<line hits="0" number="302"/>
						<line hits="0" number="304"/>
						<line hits="0" number="305"/>
						<line hits="1" number="307"/>
						<line hits="0" number="316"/>
						<line hits="0" number="317"/>
						<line hits="0" number="319"/>
						<line hits="0" number="320"/>
						<line hits="0" number="323"/>
						<line hits="0" number="325"/>
						<line hits="0" number="327"/>
						<line hits="0" number="328"/>
						<line hits="0" number="331"/>
						<line hits="0" number="332"/>
						<line hits="0" number="333"/>
						<line hits="0" number="335"/>
						<line hits="1" number="337"/>
						<line hits="0" number="347"/>
						<line hits="0" number="348"/>
						<line hits="0" number="352"/>
						<line hits="0" number="353"/>
						<line hits="0" number="354"/>
						<line hits="0" number="356"/>
						<line hits="0" number="358"/>
						<line hits="0" number="359"/>
						<line hits="0" number="361"/>
						<line hits="1" number="363"/>
						<line hits="0" number="372"/>
						<line hits="0" number="373"/>
						<line hits="0" number="377"/>
						<line hits="0" number="378"/>
						<line hits="0" number="380"/>
						<line hits="0" number="382"/>
						<line hits="0" number="383"/>
						<line hits="0" number="385"/>
						<line hits="1" number="387"/>
						<line hits="1" number="396"/>
						<line hits="1" number="397"/>
						<line hits="1" number="401"/>
						<line hits="1" number="402"/>
						<line hits="1" number="404"/>
						<line hits="1" number="406"/>
						<line hits="1" number="407"/>
						<line hits="1" number="409"/>
						<line hits="1" number="411"/>
						<line hits="1" number="426"/>
						<line hits="1" number="427"/>
						<line hits="1" number="431"/>
						<line hits="1" number="436"/>
						<line hits="1" number="437"/>
						<line hits="1" number="438"/>
						<line hits="1" number="439"/>
						<line hits="1" number="441"/>
						<line hits="1" number="442"/>
						<line hits="1" number="444"/>
						<line hits="1" number="445"/>
						<line hits="1" number="446"/>
						<line hits="1" number="448"/>
						<line hits="1" number="450"/>
						<line hits="0" number="460"/>
						<line hits="0" number="461"/>
						<line hits="0" number="465"/>
						<line hits="0" number="470"/>
						<line hits="0" number="471"/>
						<line hits="0" number="472"/>
						<line hits="0" number="473"/>
						<line hits="0" number="475"/>
						<line hits="0" number="476"/>
						<line hits="0" number="478"/>
						<line hits="0" number="480"/>
						<line hits="0" number="481"/>
						<line hits="0" number="483"/>
						<line hits="1" number="485"/>
						<line hits="0" number="494"/>
						<line hits="0" number="495"/>
						<line hits="0" number="496"/>
						<line hits="0" number="500"/>
						<line hits="0" number="501"/>
						<line hits="0" number="503"/>
						<line hits="0" number="505"/>
						<line hits="0" number="506"/>
						<line hits="0" number="508"/>
						<line hits="1" number="510"/>
						<line hits="0" number="524"/>
						<line hits="0" number="525"/>
						<line hits="0" number="526"/>
						<line hits="0" number="530"/>
						<line hits="0" number="535"/>
						<line hits="0" number="536"/>
						<line hits="0" number="537"/>
						<line hits="0" number="538"/>
						<line hits="0" number="540"/>
						<line hits="0" number="541"/>
						<line hits="0" number="543"/>
						<line hits="0" number="545"/>
						<line hits="0" number="546"/>
						<line hits="0" number="548"/>
						<line hits="1" number="550"/>
						<line hits="0" number="560"/>
						<line hits="0" number="561"/>
						<line hits="0" number="562"/>
						<line hits="0" number="564"/>
						<line hits="0" number="565"/>
						<line hits="0" number="567"/>
						<line hits="0" number="569"/>
						<line hits="0" number="570"/>
						<line hits="0" number="572"/>
						<line hits="1" number="574"/>
						<line hits="0" number="584"/>
						<line hits="0" number="585"/>
						<line hits="0" number="589"/>
						<line hits="0" number="593"/>
						<line hits="0" number="594"/>
						<line hits="0" number="596"/>
						<line hits="0" number="598"/>
						<line hits="0" number="599"/>
						<line hits="0" number="601"/>
						<line hits="1" number="603"/>
						<line hits="0" number="612"/>
						<line hits="0" number="613"/>
						<line hits="0" number="614"/>
						<line hits="0" number="618"/>
						<line hits="0" number="619"/>
						<line hits="0" number="621"/>
						<line hits="0" number="623"/>
						<line hits="0" number="624"/>
						<line hits="0" number="626"/>
						<line hits="1" number="628"/>
						<line hits="0" number="640"/>
						<line hits="0" number="641"/>
						<line hits="0" number="642"/>
						<line hits="0" number="646"/>
						<line hits="0" number="651"/>
						<line hits="0" number="652"/>
						<line hits="0" number="654"/>
						<line hits="0" number="655"/>
						<line hits="0" number="657"/>
						<line hits="0" number="659"/>
						<line hits="0" number="660"/>
						<line hits="0" number="662"/>
						<line hits="1" number="664"/>
						<line hits="0" number="675"/>
						<line hits="0" number="676"/>
						<line hits="0" number="681"/>
						<line hits="0" number="685"/>
						<line hits="0" number="686"/>
						<line hits="0" number="688"/>
						<line hits="0" number="690"/>
						<line hits="0" number="691"/>
						<line hits="0" number="693"/>
						<line hits="1" number="695"/>
						<line hits="0" number="707"/>
						<line hits="0" number="708"/>
						<line hits="0" number="713"/>
						<line hits="0" number="718"/>
						<line hits="0" number="719"/>
						<line hits="0" number="721"/>
						<line hits="0" number="722"/>
						<line hits="0" number="724"/>
						<line hits="0" number="726"/>
						<line hits="0" number="727"/>
						<line hits="0" number="729"/>
						<line hits="1" number="731"/>
						<line hits="0" number="740"/>
						<line hits="0" number="741"/>
						<line hits="0" number="742"/>
						<line hits="0" number="746"/>
						<line hits="0" number="747"/>
						<line hits="0" number="749"/>
						<line hits="0" number="751"/>
						<line hits="0" number="752"/>
						<line hits="0" number="754"/>
						<line hits="1" number="756"/>
						<line hits="0" number="765"/>
						<line hits="0" number="766"/>
						<line hits="0" number="767"/>
						<line hits="0" number="771"/>
						<line hits="0" number="772"/>
						<line hits="0" number="774"/>
						<line hits="0" number="776"/>
						<line hits="0" number="777"/>
						<line hits="0" number="779"/>
						<line hits="1" number="781"/>
						<line hits="0" number="790"/>
						<line hits="0" number="791"/>
						<line hits="0" number="792"/>
						<line hits="0" number="796"/>
						<line hits="0" number="797"/>
						<line hits="0" number="799"/>
						<line hits="0" number="801"/>
						<line hits="0" number="802"/>
						<line hits="0" number="804"/>
						<line hits="1" number="806"/>
						<line hits="0" number="819"/>
						<line hits="0" number="820"/>
						<line hits="0" number="821"/>
						<line hits="0" number="822"/>
						<line hits="0" number="823"/>
						<line hits="0" number="824"/>
						<line hits="0" number="826"/>
						<line hits="0" number="827"/>
						<line hits="0" number="832"/>
						<line hits="0" number="839"/>
						<line hits="0" number="840"/>
						<line hits="0" number="842"/>
						<line hits="0" number="844"/>
						<line hits="0" number="845"/>
						<line hits="0" number="847"/>
						<line hits="1" number="849"/>
						<line hits="0" number="865"/>
						<line hits="0" number="866"/>
						<line hits="0" number="870"/>
						<line hits="0" number="877"/>
						<line hits="0" number="878"/>
						<line hits="0" number="880"/>
						<line hits="0" number="882"/>
						<line hits="0" number="883"/>
						<line hits="0" number="885"/>
						<line hits="1" number="888"/>
						<line hits="0" number="899"/>
						<line hits="0" number="900"/>
						<line hits="0" number="901"/>
						<line hits="0" number="902"/>
						<line hits="1" number="904"/>
						<line hits="1" number="912"/>
						<line hits="1" number="914"/>
						<line hits="1" number="931"/>
						<line hits="1" number="932"/>
						<line hits="0" number="933"/>
						<line hits="0" number="934"/>
						<line hits="0" number="936"/>
						<line hits="1" number="938"/>
						<line hits="1" number="939"/>
						<line hits="1" number="940"/>
						<line hits="1" number="941"/>
						<line hits="1" number="943"/>
						<line hits="1" number="945"/>
						<line hits="1" number="946"/>
						<line hits="1" number="947"/>
						<line hits="1" number="948"/>
						<line hits="1" number="950"/>
						<line hits="1" number="952"/>
						<line hits="1" number="953"/>
						<line hits="0" number="955"/>
						<line hits="1" number="956"/>
						<line hits="1" number="957"/>
						<line hits="0" number="959"/>
						<line hits="1" number="960"/>
						<line hits="1" number="961"/>
						<line hits="0" number="962"/>
						<line hits="1" number="963"/>
						<line hits="1" number="964"/>
						<line hits="1" number="967"/>
						<line hits="1" number="968"/>
						<line hits="1" number="970"/>
						<line hits="0" number="976"/>
						<line hits="0" number="977"/>
						<line hits="0" number="980"/>
						<line hits="0" number="981"/>
						<line hits="0" number="982"/>
						<line hits="0" number="983"/>
						<line hits="0" number="985"/>
						<line hits="0" number="987"/>
						<line hits="0" number="988"/>
						<line hits="0" number="992"/>
						<line hits="0" number="993"/>
						<line hits="0" number="994"/>
						<line hits="0" number="998"/>
						<line hits="0" number="999"/>
						<line hits="0" number="1000"/>
						<line hits="0" number="1004"/>
						<line hits="0" number="1010"/>
						<line hits="0" number="1011"/>
						<line hits="0" number="1012"/>
						<line hits="0" number="1015"/>
						<line hits="0" number="1016"/>
						<line hits="0" number="1017"/>
						<line hits="0" number="1018"/>
						<line hits="0" number="1019"/>
						<line hits="0" number="1021"/>
						<line hits="0" number="1022"/>
						<line hits="0" number="1023"/>
						<line hits="0" number="1025"/>
						<line hits="0" number="1026"/>
						<line hits="0" number="1027"/>
						<line hits="0" number="1029"/>
						<line hits="0" number="1032"/>
						<line hits="0" number="1033"/>
					</lines>
				</class>
			</classes>
		</package>
	</packages>
</coverage>
